2021-10-20 17:43:34,196 INFO o.a.j.u.JMeterUtils: Setting Locale to en_EN
2021-10-20 17:43:34,226 INFO o.a.j.JMeter: Loading user properties from: user.properties
2021-10-20 17:43:34,232 INFO o.a.j.JMeter: Loading system properties from: system.properties
2021-10-20 17:43:34,239 INFO o.a.j.JMeter: Copyright (c) 1998-2021 The Apache Software Foundation
2021-10-20 17:43:34,239 INFO o.a.j.JMeter: Version 5.4.1
2021-10-20 17:43:34,240 INFO o.a.j.JMeter: java.version=16.0.2
2021-10-20 17:43:34,240 INFO o.a.j.JMeter: java.vm.name=Java HotSpot(TM) 64-Bit Server VM
2021-10-20 17:43:34,240 INFO o.a.j.JMeter: os.name=Windows 10
2021-10-20 17:43:34,240 INFO o.a.j.JMeter: os.arch=amd64
2021-10-20 17:43:34,240 INFO o.a.j.JMeter: os.version=10.0
2021-10-20 17:43:34,240 INFO o.a.j.JMeter: file.encoding=Cp1252
2021-10-20 17:43:34,240 INFO o.a.j.JMeter: java.awt.headless=null
2021-10-20 17:43:34,240 INFO o.a.j.JMeter: Max memory     =1073741824
2021-10-20 17:43:34,240 INFO o.a.j.JMeter: Available Processors =6
2021-10-20 17:43:34,249 INFO o.a.j.JMeter: Default Locale=English (EN)
2021-10-20 17:43:34,250 INFO o.a.j.JMeter: JMeter  Locale=English (EN)
2021-10-20 17:43:34,250 INFO o.a.j.JMeter: JMeterHome=C:\Users\melissap\Documents\NOEMA\Pruebas-de-carga\Jmeter
2021-10-20 17:43:34,250 INFO o.a.j.JMeter: user.dir  =C:\Users\melissap\Documents\NOEMA\Pruebas-de-carga\Jmeter\bin
2021-10-20 17:43:34,251 INFO o.a.j.JMeter: PWD       =C:\Users\melissap\Documents\NOEMA\Pruebas-de-carga\Jmeter\bin
2021-10-20 17:43:34,252 INFO o.a.j.JMeter: IP: 192.168.1.1 Name: DW-A1705 FullName: DW-A1705.DigitalWare.com.co
2021-10-20 17:43:34,387 INFO o.a.j.JMeter: Setting LAF to: laf:javax.swing.plaf.nimbus.NimbusLookAndFeel
2021-10-20 17:43:34,551 INFO o.a.j.JMeter: Loaded icon properties from org/apache/jmeter/images/icon.properties
2021-10-20 17:43:37,381 INFO o.j.r.JARSourceHTTP: Found cached repo
2021-10-20 17:43:37,512 INFO o.j.r.PluginManager: Plugins Status: [jpgc-functions=2.1, jpgc-plugins-manager=1.6, jpgc-webdriver=3.3, jmeter-core=5.4.1, jmeter-ftp=5.4.1, jmeter-http=5.4.1, jmeter-jdbc=5.4.1, jmeter-jms=5.4.1, jmeter-junit=5.4.1, jmeter-java=5.4.1, jmeter-ldap=5.4.1, jmeter-mail=5.4.1, jmeter-mongodb=5.4.1, jmeter-native=5.4.1, jmeter-tcp=5.4.1, jmeter-components=5.4.1]
